2026-01-13 10:27:28,429 INFO Loading data for forecasting...
2026-01-13 10:27:28,562 INFO Training data shape: (9, 7, 1)
2026-01-13 10:27:28,562 WARNING Skipping LSTM training due to missing TensorFlow.
2026-01-13 10:27:28,562 INFO Training Linear Regression Baseline...
2026-01-13 10:27:43,691 INFO Loading data for forecasting...
2026-01-13 10:27:43,754 INFO Training data shape: (9, 7, 1)
2026-01-13 10:27:43,754 WARNING Skipping LSTM training due to missing TensorFlow.
2026-01-13 10:27:43,754 INFO Training Linear Regression Baseline...
2026-01-13 10:27:43,754 INFO LR MAE: 14899.27, RMSE: 17783.91
2026-01-13 10:27:44,416 INFO Forecast plot saved to docs/images/forecast_results.png
2026-01-13 10:28:45,680 INFO Loading data for forecasting...
2026-01-13 10:28:45,743 INFO Training data shape: (9, 7, 1)
2026-01-13 10:28:45,743 WARNING Skipping LSTM training due to missing TensorFlow.
2026-01-13 10:28:45,743 INFO Training Linear Regression Baseline...
2026-01-13 10:28:45,744 INFO LR MAE: 74496.33, RMSE: 88919.57
2026-01-13 10:28:45,906 INFO Forecast plot saved to docs/images/forecast_results.png
2026-01-13 10:30:42,620 INFO Loading data for forecasting...
2026-01-13 10:30:42,685 INFO Training data shape: (9, 7, 1)
2026-01-13 10:30:42,685 WARNING Skipping LSTM training due to missing TensorFlow.
2026-01-13 10:30:42,685 INFO Training Linear Regression Baseline...
2026-01-13 10:30:42,686 INFO LR MAE: 76979.54, RMSE: 91883.55
2026-01-13 10:30:42,853 INFO Forecast plot saved to docs/images/forecast_results.png
2026-01-13 13:24:51,609 INFO Loading data for forecasting...
2026-01-13 13:24:51,728 INFO Training data shape: (9, 7, 1)
2026-01-13 13:24:51,728 INFO Training LSTM Model (PyTorch)...
2026-01-13 13:24:52,231 INFO LSTM MAE: 92822.52, RMSE: 94195.44
2026-01-13 13:24:52,231 INFO Training Linear Regression Baseline...
2026-01-13 13:24:52,238 INFO LR MAE: 76979.54, RMSE: 91883.55
2026-01-13 13:24:52,434 INFO Forecast plot saved to docs/images/forecast_results.png
2026-01-13 13:25:43,232 INFO Loading data for forecasting...
2026-01-13 13:25:43,296 INFO Training data shape: (9, 7, 1)
2026-01-13 13:25:43,296 INFO Training LSTM Model (PyTorch)...
2026-01-13 13:25:43,805 INFO LSTM MAE: 91236.47, RMSE: 92518.72
2026-01-13 13:25:43,805 INFO Training Linear Regression Baseline...
2026-01-13 13:25:43,807 INFO LR MAE: 79462.75, RMSE: 94847.54
2026-01-13 13:25:44,012 INFO Forecast plot saved to docs/images/forecast_results.png
2026-01-13 15:09:38,532 INFO Loading data for forecasting...
2026-01-13 15:09:38,601 INFO Training data shape: (9, 7, 1)
2026-01-13 15:09:38,601 INFO Training LSTM Model (PyTorch)...
2026-01-13 15:09:39,158 INFO LSTM MAE: 92729.58, RMSE: 94065.07
2026-01-13 15:09:39,158 INFO Training Linear Regression Baseline...
2026-01-13 15:09:39,164 INFO LR MAE: 79462.75, RMSE: 94847.54
2026-01-13 15:09:39,413 INFO Forecast plot saved to docs/images/forecast_results.png
2026-01-13 15:10:12,477 INFO Loading data for forecasting...
2026-01-13 15:10:12,543 INFO Training data shape: (9, 7, 1)
2026-01-13 15:10:12,544 INFO Training LSTM Model (PyTorch)...
2026-01-13 15:10:13,053 INFO LSTM MAE: 92178.93, RMSE: 93464.66
2026-01-13 15:10:13,053 INFO Training Linear Regression Baseline...
2026-01-13 15:10:13,054 INFO LR MAE: 79462.75, RMSE: 94847.54
2026-01-13 15:10:13,270 INFO Forecast plot saved to docs/images/forecast_results.png
2026-01-13 15:12:26,930 INFO Loading data for forecasting...
2026-01-13 15:12:26,998 INFO Training data shape: (9, 7, 1)
2026-01-13 15:12:26,998 INFO Training LSTM Model (PyTorch)...
2026-01-13 15:12:27,544 INFO LSTM MAE: 90667.99, RMSE: 91928.52
2026-01-13 15:12:27,544 INFO Training Linear Regression Baseline...
2026-01-13 15:12:27,545 INFO LR MAE: 81945.96, RMSE: 97811.53
2026-01-13 15:12:27,762 INFO Forecast plot saved to docs/images/forecast_results.png
2026-01-13 16:22:35,067 INFO Loading data for forecasting...
2026-01-13 16:22:35,134 INFO Training data shape: (9, 7, 1)
2026-01-13 16:22:35,135 INFO Training LSTM Model (PyTorch)...
2026-01-13 16:22:35,696 INFO LSTM MAE: 98991.34, RMSE: 100421.57
2026-01-13 16:22:35,696 INFO Training Linear Regression Baseline...
2026-01-13 16:22:35,702 INFO LR MAE: 84429.17, RMSE: 100775.51
2026-01-13 16:22:35,911 INFO Forecast plot saved to docs/images/forecast_results.png
2026-01-13 16:28:51,798 INFO Forecasting Shelter Population...
2026-01-13 16:28:51,801 INFO Training data shape: (9, 7, 1)
2026-01-13 16:28:51,801 INFO Training LSTM Model (PyTorch)...
2026-01-13 16:28:52,366 INFO LSTM MAE: 96592.21, RMSE: 97927.57
2026-01-13 16:28:52,366 INFO Training Linear Regression Baseline...
2026-01-13 16:28:52,367 INFO LR MAE: 84429.17, RMSE: 100775.51
2026-01-13 16:28:52,584 INFO Forecast plot saved to docs/images/forecast_results.png
2026-01-13 16:28:52,586 INFO Forecasting Vendor Spend...
2026-01-13 16:28:52,587 INFO Training data shape: (428, 7, 1)
2026-01-13 16:28:52,587 INFO Training LSTM Model (PyTorch)...
2026-01-13 16:28:52,894 INFO LSTM MAE: 3749968.31, RMSE: 5550793.41
2026-01-13 16:28:52,894 INFO Training Linear Regression Baseline...
2026-01-13 16:28:52,896 INFO LR MAE: 3854193.93, RMSE: 5813207.20
2026-01-13 16:28:52,943 INFO Forecast plot saved to docs/images/forecast_spend.png
2026-01-13 17:01:29,427 INFO Forecasting Shelter Population...
2026-01-13 17:01:29,429 INFO Training data shape: (9, 7, 1)
2026-01-13 17:01:29,429 INFO Training LSTM Model (PyTorch)...
2026-01-13 17:01:29,987 INFO LSTM MAE: 106408.00, RMSE: 107956.83
2026-01-13 17:01:29,987 INFO Training Linear Regression Baseline...
2026-01-13 17:01:29,993 INFO LR MAE: 86912.38, RMSE: 103739.50
2026-01-13 17:01:30,191 INFO Forecast plot saved to docs/images/forecast_results.png
2026-01-13 17:01:30,192 INFO Forecasting Vendor Spend...
2026-01-13 17:01:30,193 INFO Training data shape: (428, 7, 1)
2026-01-13 17:01:30,193 INFO Training LSTM Model (PyTorch)...
2026-01-13 17:01:30,498 INFO LSTM MAE: 5101339.38, RMSE: 8033143.48
2026-01-13 17:01:30,499 INFO Training Linear Regression Baseline...
2026-01-13 17:01:30,500 INFO LR MAE: 5412061.00, RMSE: 8472420.44
2026-01-13 17:01:30,550 INFO Forecast plot saved to docs/images/forecast_spend.png
2026-01-13 17:12:29,299 INFO Forecasting Shelter Population...
2026-01-13 17:12:29,300 INFO Training data shape: (9, 7, 1)
2026-01-13 17:12:29,300 INFO Training LSTM Model (PyTorch)...
2026-01-13 17:12:29,857 INFO LSTM MAE: 103430.47, RMSE: 104909.83
2026-01-13 17:12:29,858 INFO Training Linear Regression Baseline...
2026-01-13 17:12:29,859 INFO LR MAE: 89395.59, RMSE: 106703.48
2026-01-13 17:12:30,034 INFO Forecast plot saved to docs/images/forecast_results.png
2026-01-13 17:12:30,035 INFO Forecasting Vendor Spend...
2026-01-13 17:12:30,036 INFO Training data shape: (428, 7, 1)
2026-01-13 17:12:30,036 INFO Training LSTM Model (PyTorch)...
2026-01-13 17:12:30,329 INFO LSTM MAE: 7227357.35, RMSE: 10734181.23
2026-01-13 17:12:30,329 INFO Training Linear Regression Baseline...
2026-01-13 17:12:30,330 INFO LR MAE: 7026936.79, RMSE: 11106625.07
2026-01-13 17:12:30,378 INFO Forecast plot saved to docs/images/forecast_spend.png
2026-01-13 17:14:17,573 INFO Forecasting Shelter Population...
2026-01-13 17:14:17,575 INFO Training data shape: (9, 7, 1)
2026-01-13 17:14:17,575 INFO Training LSTM Model (PyTorch)...
2026-01-13 17:14:18,105 INFO LSTM MAE: 107533.85, RMSE: 109036.04
2026-01-13 17:14:18,105 INFO Training Linear Regression Baseline...
2026-01-13 17:14:18,106 INFO LR MAE: 91878.80, RMSE: 109667.47
2026-01-13 17:14:18,285 INFO Forecast plot saved to docs/images/forecast_results.png
2026-01-13 17:14:18,286 INFO Forecasting Vendor Spend...
2026-01-13 17:14:18,286 INFO Training data shape: (428, 7, 1)
2026-01-13 17:14:18,287 INFO Training LSTM Model (PyTorch)...
2026-01-13 17:14:18,578 INFO LSTM MAE: 8540020.95, RMSE: 13213994.73
2026-01-13 17:14:18,579 INFO Training Linear Regression Baseline...
2026-01-13 17:14:18,579 INFO LR MAE: 8651507.79, RMSE: 13724449.38
2026-01-13 17:14:18,625 INFO Forecast plot saved to docs/images/forecast_spend.png
2026-01-13 17:22:40,873 INFO Forecasting Shelter Population...
2026-01-13 17:22:40,875 INFO Training LSTM Model (PyTorch)...
2026-01-13 17:22:41,401 INFO LSTM MAE: 110711.62, RMSE: 112302.22
2026-01-13 17:22:41,401 INFO Generating future forecast for 90 days...
2026-01-13 17:22:41,583 INFO Forecast plot saved to docs/images/forecast_results.png
2026-01-13 17:22:41,585 INFO Forecasting Vendor Spend...
2026-01-13 17:22:41,586 INFO Training LSTM Model (PyTorch)...
2026-01-13 17:22:41,884 INFO LSTM MAE: 8529779.60, RMSE: 13190610.12
2026-01-13 17:22:41,884 INFO Generating future forecast for 90 days...
2026-01-13 17:22:41,947 INFO Forecast plot saved to docs/images/forecast_spend.png
2026-01-13 17:24:56,631 INFO Forecasting Shelter Population...
2026-01-13 17:24:56,633 INFO Forecasting 378 days to reach present + 90 future days. Total: 468 days.
2026-01-13 17:24:56,633 INFO Training LSTM Model (PyTorch)...
2026-01-13 17:24:56,989 INFO LSTM MAE: 105580.71, RMSE: 107066.46
2026-01-13 17:24:56,989 INFO Generating future forecast for 468 days...
2026-01-13 17:24:57,180 INFO Forecast plot saved to docs/images/forecast_results.png
2026-01-13 17:24:57,181 INFO Forecasting Vendor Spend...
2026-01-13 17:24:57,182 INFO Forecasting 264 days to reach present + 90 future days. Total: 354 days.
2026-01-13 17:24:57,182 INFO Training LSTM Model (PyTorch)...
2026-01-13 17:24:57,493 INFO LSTM MAE: 8550394.44, RMSE: 13193384.65
2026-01-13 17:24:57,493 INFO Generating future forecast for 354 days...
2026-01-13 17:24:57,570 INFO Forecast plot saved to docs/images/forecast_spend.png
2026-02-02 20:32:52,393 INFO Forecasting Shelter Population...
2026-02-02 20:32:52,398 INFO Forecasting 398 days to reach present + 90 future days. Total: 488 days.
2026-02-02 20:32:52,398 INFO Training LSTM Model (PyTorch)...
2026-02-02 20:32:53,051 INFO LSTM MAE: 160345.60, RMSE: 162596.49
2026-02-02 20:32:53,051 INFO Generating future forecast for 488 days...
2026-02-02 20:32:53,369 INFO Forecast plot saved to docs/images/forecast_results.png
2026-02-02 20:32:53,374 INFO Forecasting Vendor Spend...
2026-02-02 20:32:53,375 INFO Forecasting 284 days to reach present + 90 future days. Total: 374 days.
2026-02-02 20:32:53,375 INFO Training LSTM Model (PyTorch)...
2026-02-02 20:32:53,679 INFO LSTM MAE: 24877373.67, RMSE: 43488528.83
2026-02-02 20:32:53,679 INFO Generating future forecast for 374 days...
2026-02-02 20:32:53,766 INFO Forecast plot saved to docs/images/forecast_spend.png
