2026-01-03 18:00:21,509 INFO Aggregating Shelter Census data...
2026-01-03 18:00:24,616 WARNING Cols not found in shelter data. Date: date, Count: None
2026-01-03 18:00:24,617 INFO Aggregating Vendor Payments data...
2026-01-03 18:00:24,619 WARNING Cols not found in vendor data. Date: date_of_invoice, Amount: None
2026-01-03 18:00:24,620 INFO Aggregating Media Volume...
2026-01-03 18:00:24,620 WARNING No media data to aggregate.
2026-01-03 18:11:58,593 INFO Aggregating Shelter Census data...
2026-01-03 18:11:58,646 INFO Created data/gold/daily_shelter_stats.parquet with 19 rows
2026-01-03 18:11:58,646 INFO Aggregating Vendor Payments data...
2026-01-03 18:11:58,651 INFO Created data/gold/daily_vendor_spend.parquet with 157 rows
2026-01-03 18:11:58,651 INFO Aggregating Media Volume...
2026-01-03 18:11:58,652 WARNING No media data to aggregate.
2026-01-03 18:12:52,841 INFO Aggregating Shelter Census data...
2026-01-03 18:12:52,899 INFO Created data/gold/daily_shelter_stats.parquet with 19 rows
2026-01-03 18:12:52,899 INFO Aggregating Vendor Payments data...
2026-01-03 18:12:52,906 INFO Created data/gold/daily_vendor_spend.parquet with 157 rows
2026-01-03 18:12:52,906 INFO Aggregating Media Volume...
2026-01-03 18:12:52,911 INFO Created data/gold/daily_media_volume.parquet with 1 rows
2026-01-04 09:20:49,111 INFO Aggregating Shelter Census data...
2026-01-04 09:20:49,192 INFO Created data/gold/daily_shelter_stats.parquet and data/gold/daily_shelter_stats.csv with 19 rows
2026-01-04 09:20:49,192 INFO Aggregating Vendor Payments data...
2026-01-04 09:20:49,200 INFO Created data/gold/daily_vendor_spend.parquet and data/gold/daily_vendor_spend.csv with 157 rows
2026-01-04 09:20:49,200 INFO Aggregating Media Volume...
2026-01-04 09:20:49,204 INFO Created data/gold/daily_media_volume.parquet and data/gold/daily_media_volume.csv with 1 rows
2026-01-11 15:16:04,029 INFO Aggregating Shelter Census data...
2026-01-11 15:16:04,139 INFO Created data/gold/daily_shelter_stats.parquet and data/gold/daily_shelter_stats.csv with 19 rows
2026-01-11 15:16:04,139 INFO Aggregating Vendor Payments data...
2026-01-11 15:16:04,148 INFO Created data/gold/daily_vendor_spend.parquet and data/gold/daily_vendor_spend.csv with 157 rows
2026-01-11 15:16:04,148 INFO Aggregating Media Volume...
2026-01-11 15:16:04,151 INFO Created data/gold/daily_media_volume.parquet and data/gold/daily_media_volume.csv with 1 rows
