2025-12-19 17:34:32,204 INFO Starting Government Data Ingestion...
2025-12-19 17:34:32,204 INFO Fetching vendor_payments...
2025-12-19 17:34:32,688 INFO Saved 1000 records of vendor_payments to data/bronze/gov/vendor_payments_20251219173432.json
2025-12-19 17:34:32,688 INFO Fetching shelter_census...
2025-12-19 17:34:32,949 INFO Saved 255 records of shelter_census to data/bronze/gov/shelter_census_20251219173432.json
2026-01-03 18:00:03,781 INFO Starting Government Data Ingestion...
2026-01-03 18:00:03,781 INFO Fetching vendor_payments...
2026-01-03 18:00:14,460 INFO Saved 1000 records of vendor_payments to data/bronze/gov/vendor_payments_20260103180014.json
2026-01-03 18:00:14,460 INFO Fetching shelter_census...
2026-01-03 18:00:14,829 INFO Saved 255 records of shelter_census to data/bronze/gov/shelter_census_20260103180014.json
2026-01-03 18:11:53,173 INFO Starting Government Data Ingestion...
2026-01-03 18:11:53,173 INFO Fetching vendor_payments...
2026-01-03 18:11:53,764 INFO Saved 1000 records of vendor_payments to data/bronze/gov/vendor_payments_20260103181153.json
2026-01-03 18:11:53,765 INFO Fetching shelter_census...
2026-01-03 18:11:54,160 INFO Saved 255 records of shelter_census to data/bronze/gov/shelter_census_20260103181154.json
2026-01-03 18:12:43,366 INFO Starting Government Data Ingestion...
2026-01-03 18:12:43,366 INFO Fetching vendor_payments...
2026-01-03 18:12:44,093 INFO Saved 1000 records of vendor_payments to data/bronze/gov/vendor_payments_20260103181244.json
2026-01-03 18:12:44,093 INFO Fetching shelter_census...
2026-01-03 18:12:48,266 INFO Saved 255 records of shelter_census to data/bronze/gov/shelter_census_20260103181248.json
2026-01-04 09:20:43,210 INFO Starting Government Data Ingestion...
2026-01-04 09:20:43,210 INFO Fetching vendor_payments...
2026-01-04 09:20:43,980 INFO Saved 1000 records of vendor_payments to data/bronze/gov/vendor_payments_20260104092043.json
2026-01-04 09:20:43,980 INFO Fetching shelter_census...
2026-01-04 09:20:44,385 INFO Saved 255 records of shelter_census to data/bronze/gov/shelter_census_20260104092044.json
2026-01-11 15:15:56,332 INFO Starting Government Data Ingestion...
2026-01-11 15:15:56,333 INFO Fetching vendor_payments...
2026-01-11 15:15:57,201 INFO Saved 1000 records of vendor_payments to data/bronze/gov/vendor_payments_20260111151557.json
2026-01-11 15:15:57,201 INFO Fetching shelter_census...
2026-01-11 15:15:57,804 INFO Saved 255 records of shelter_census to data/bronze/gov/shelter_census_20260111151557.json
2026-01-13 10:28:29,056 INFO Starting Government Data Ingestion...
2026-01-13 10:28:29,057 INFO Fetching vendor_payments...
2026-01-13 10:28:31,383 INFO Saved 1000 records of vendor_payments to data/bronze/gov/vendor_payments_20260113102831.json
2026-01-13 10:28:31,384 INFO Fetching shelter_census...
2026-01-13 10:28:31,702 INFO Saved 255 records of shelter_census to data/bronze/gov/shelter_census_20260113102831.json
2026-01-13 10:30:27,183 INFO Starting Government Data Ingestion...
2026-01-13 10:30:27,183 INFO Fetching vendor_payments...
2026-01-13 10:30:27,821 INFO Saved 1000 records of vendor_payments to data/bronze/gov/vendor_payments_20260113103027.json
2026-01-13 10:30:27,821 INFO Fetching shelter_census...
2026-01-13 10:30:28,130 INFO Saved 255 records of shelter_census to data/bronze/gov/shelter_census_20260113103028.json
2026-01-13 13:25:26,160 INFO Starting Government Data Ingestion...
2026-01-13 13:25:26,161 INFO Fetching vendor_payments...
2026-01-13 13:25:26,821 INFO Saved 1000 records of vendor_payments to data/bronze/gov/vendor_payments_20260113132526.json
2026-01-13 13:25:26,821 INFO Fetching shelter_census...
2026-01-13 13:25:27,233 INFO Saved 255 records of shelter_census to data/bronze/gov/shelter_census_20260113132527.json
2026-01-13 13:46:40,097 INFO Starting Government Data Ingestion...
2026-01-13 13:46:40,098 INFO Fetching vendor_payments...
2026-01-13 13:46:40,123 ERROR Error ingesting gov data: URL can't contain control characters. '/resource/gxzc-43gg.json?$limit=5000&$order=payment_date DESC' (found at least ' ')
2026-01-13 15:09:16,593 INFO Starting Government Data Ingestion...
2026-01-13 15:09:16,594 INFO Fetching vendor_payments...
2026-01-13 15:09:16,875 ERROR Error ingesting gov data: HTTP Error 400: Bad Request
2026-01-13 15:09:20,751 INFO Starting Government Data Ingestion...
2026-01-13 15:09:20,751 INFO Fetching vendor_payments...
2026-01-13 15:09:21,018 ERROR Error ingesting gov data: HTTP Error 400: Bad Request
2026-01-13 15:09:55,972 INFO Starting Government Data Ingestion...
2026-01-13 15:09:55,973 INFO Fetching vendor_payments...
2026-01-13 15:09:56,207 ERROR Error ingesting gov data: 400 Client Error: Bad Request for url: https://data.cityofchicago.org/resource/gxzc-43gg.json?%24limit=5000&%24order=payment_date+DESC
2026-01-13 15:12:07,962 INFO Starting Government Data Ingestion...
2026-01-13 15:12:07,963 INFO Fetching vendor_payments...
2026-01-13 15:12:08,510 INFO Saved 4206 records of vendor_payments to data/bronze/gov/vendor_payments_20260113151208.json
2026-01-13 15:12:08,510 INFO Fetching shelter_census...
2026-01-13 15:12:08,851 INFO Saved 255 records of shelter_census to data/bronze/gov/shelter_census_20260113151208.json
2026-01-13 16:22:13,675 INFO Starting Government Data Ingestion...
2026-01-13 16:22:13,676 INFO Fetching vendor_payments...
2026-01-13 16:22:14,285 INFO Saved 4206 records of vendor_payments to data/bronze/gov/vendor_payments_20260113162214.json
2026-01-13 16:22:14,285 INFO Fetching shelter_census...
2026-01-13 16:22:14,652 INFO Saved 255 records of shelter_census to data/bronze/gov/shelter_census_20260113162214.json
2026-01-13 17:00:32,572 INFO Starting Government Data Ingestion...
2026-01-13 17:00:32,573 INFO Fetching vendor_payments...
2026-01-13 17:00:33,320 INFO Saved 4206 records of vendor_payments to data/bronze/gov/vendor_payments_20260113170033.json
2026-01-13 17:00:33,320 INFO Fetching shelter_census...
2026-01-13 17:00:33,603 INFO Saved 255 records of shelter_census to data/bronze/gov/shelter_census_20260113170033.json
2026-01-13 17:11:57,391 INFO Starting Government Data Ingestion...
2026-01-13 17:11:57,392 INFO Fetching vendor_payments...
2026-01-13 17:11:58,131 INFO Saved 4206 records of vendor_payments to data/bronze/gov/vendor_payments_20260113171158.json
2026-01-13 17:11:58,131 INFO Fetching shelter_census...
2026-01-13 17:11:58,411 INFO Saved 255 records of shelter_census to data/bronze/gov/shelter_census_20260113171158.json
2026-01-13 17:13:45,360 INFO Starting Government Data Ingestion...
2026-01-13 17:13:45,360 INFO Fetching vendor_payments...
2026-01-13 17:13:46,017 INFO Saved 4206 records of vendor_payments to data/bronze/gov/vendor_payments_20260113171346.json
2026-01-13 17:13:46,017 INFO Fetching shelter_census...
2026-01-13 17:13:46,291 INFO Saved 255 records of shelter_census to data/bronze/gov/shelter_census_20260113171346.json
2026-02-02 20:31:49,669 INFO Starting Government Data Ingestion...
2026-02-02 20:31:49,673 INFO Fetching vendor_payments...
2026-02-02 20:31:50,360 INFO Saved 4206 records of vendor_payments to data/bronze/gov/vendor_payments_20260202203150.json
2026-02-02 20:31:50,360 INFO Fetching shelter_census...
2026-02-02 20:31:50,683 INFO Saved 255 records of shelter_census to data/bronze/gov/shelter_census_20260202203150.json
